[Android_null INFO ] 2023-03-28 11:50:39.301 ServerManager:19 - starting appium server
[Android_null INFO ] 2023-03-28 11:50:42.185 ServerManager:31 - Appium server started
[Android_null INFO ] 2023-03-28 11:50:42.209 PropertyManager:20 - fetching configLocal.properties
[Android_null INFO ] 2023-03-28 11:50:42.211 DriverManager:35 - initializing Appium driver
[Android_null INFO ] 2023-03-28 11:50:42.234 PropertyManager:20 - fetching configLocal.properties
[Android_null INFO ] 2023-03-28 11:50:42.235 CapabilitiesManager:17 - Setting Capabilities
[Android_null INFO ] 2023-03-28 11:50:50.736 DriverManager:52 - Driver is initialized
[Android_null INFO ] 2023-03-28 11:50:51.117 PropertyManager:20 - fetching configLocal.properties
[Android_null INFO ] 2023-03-28 11:50:51.118 PropertyManager:20 - fetching configLocal.properties
[Android_null INFO ] 2023-03-28 11:50:51.131 PropertyManager:20 - fetching configLocal.properties
[Android_null INFO ] 2023-03-28 11:50:51.133 PropertyManager:20 - fetching configLocal.properties
[Android_null INFO ] 2023-03-28 11:50:51.133 PropertyManager:20 - fetching configLocal.properties
[Android_null INFO ] 2023-03-28 11:50:51.134 PropertyManager:20 - fetching configLocal.properties
[Android_null INFO ] 2023-03-28 11:50:51.134 PropertyManager:20 - fetching configLocal.properties
[Android_null INFO ] 2023-03-28 11:50:51.135 PropertyManager:20 - fetching configLocal.properties
[Android_null INFO ] 2023-03-28 11:50:52.193 PropertyManager:20 - fetching configLocal.properties
[Android_null INFO ] 2023-03-28 11:50:52.194 PropertyManager:20 - fetching configLocal.properties
[Android_null INFO ] 2023-03-28 11:50:52.196 PropertyManager:20 - fetching configLocal.properties
[Android_null INFO ] 2023-03-28 11:50:52.197 PropertyManager:20 - fetching configLocal.properties
[Android_null INFO ] 2023-03-28 11:50:52.197 PropertyManager:20 - fetching configLocal.properties
[Android_null INFO ] 2023-03-28 11:50:52.197 PropertyManager:20 - fetching configLocal.properties
[Android_null INFO ] 2023-03-28 11:50:52.198 PropertyManager:20 - fetching configLocal.properties
[Android_null INFO ] 2023-03-28 11:50:52.198 PropertyManager:20 - fetching configLocal.properties
[Android_null INFO ] 2023-03-28 11:50:52.313 BasePage:42 - Clearing email input field
[Android_null INFO ] 2023-03-28 11:50:52.901 BasePage:59 - Email user : josefake@grandpad.net
[Android_null INFO ] 2023-03-28 11:50:53.511 BasePage:53 - Clicking Continue Button
[Android_null INFO ] 2023-03-28 11:50:54.627 PropertyManager:20 - fetching configLocal.properties
[Android_null INFO ] 2023-03-28 11:50:54.631 PropertyManager:20 - fetching configLocal.properties
[Android_null INFO ] 2023-03-28 11:50:54.634 PropertyManager:20 - fetching configLocal.properties
[Android_null INFO ] 2023-03-28 11:50:54.634 PropertyManager:20 - fetching configLocal.properties
[Android_null INFO ] 2023-03-28 11:50:54.634 PropertyManager:20 - fetching configLocal.properties
[Android_null INFO ] 2023-03-28 11:50:54.634 PropertyManager:20 - fetching configLocal.properties
[Android_null INFO ] 2023-03-28 11:50:54.635 PropertyManager:20 - fetching configLocal.properties
[Android_null INFO ] 2023-03-28 11:50:54.635 PropertyManager:20 - fetching configLocal.properties
[Android_null INFO ] 2023-03-28 11:50:54.742 BasePage:42 - Clearing email input field
[Android_null INFO ] 2023-03-28 11:50:55.299 BasePage:59 - Email user : jose.virgen+02@grandpad.net
[Android_null INFO ] 2023-03-28 11:50:56.365 BasePage:53 - Clicking Continue Button
[Android_null INFO ] 2023-03-28 11:50:57.618 BasePage:53 - Clicking Type my Password Button
[Android_null INFO ] 2023-03-28 11:50:58.803 BasePage:59 - Typing password Test12345!
[Android_null INFO ] 2023-03-28 11:50:59.957 BasePage:53 - Clicking LogIn Submit Button
[Android_null INFO ] 2023-03-28 11:51:03.236 PropertyManager:20 - fetching configLocal.properties
[Android_null INFO ] 2023-03-28 11:51:03.237 PropertyManager:20 - fetching configLocal.properties
[Android_null INFO ] 2023-03-28 11:51:03.238 PropertyManager:20 - fetching configLocal.properties
[Android_null INFO ] 2023-03-28 11:51:03.238 PropertyManager:20 - fetching configLocal.properties
[Android_null INFO ] 2023-03-28 11:51:03.238 PropertyManager:20 - fetching configLocal.properties
[Android_null INFO ] 2023-03-28 11:51:03.238 PropertyManager:20 - fetching configLocal.properties
[Android_null INFO ] 2023-03-28 11:51:03.238 PropertyManager:20 - fetching configLocal.properties
[Android_null INFO ] 2023-03-28 11:51:03.238 PropertyManager:20 - fetching configLocal.properties
[Android_null INFO ] 2023-03-28 11:51:03.292 BasePage:53 - clicking profile user button
[Android_null INFO ] 2023-03-28 11:51:04.307 BasePage:53 - clicking setting gear icon
